<?xml version="1.0" encoding="utf-8"?><testsuites name="pytest tests"><testsuite name="pytest" errors="0" failures="0" skipped="0" tests="6" time="2.410" timestamp="2026-03-05T13:41:30.462555+00:00" hostname="agent-env-e66458e3-d839-4a90-9a7a-bc1a6c6466e1"><testcase classname="test_reports.admin_panel_api_test.TestAdminPanelAPIs" name="test_admin_check" time="0.134" /><testcase classname="test_reports.admin_panel_api_test.TestAdminPanelAPIs" name="test_dashboard_full" time="1.350" /><testcase classname="test_reports.admin_panel_api_test.TestAdminPanelAPIs" name="test_users_full" time="0.240" /><testcase classname="test_reports.admin_panel_api_test.TestAdminPanelAPIs" name="test_trips" time="0.264" /><testcase classname="test_reports.admin_panel_api_test.TestAdminPanelAPIs" name="test_pricing" time="0.109" /><testcase classname="test_reports.admin_panel_api_test.TestAdminPanelAPIs" name="test_kyc_all" time="0.256" /></testsuite></testsuites>